0 info it worked if it ends with ok
1 verbose cli [ 'C:\\Program Files\\nodejs\\node.exe',
1 verbose cli   'C:\\Program Files\\nodejs\\node_modules\\npm\\bin\\npm-cli.js',
1 verbose cli   'run',
1 verbose cli   'server' ]
2 info using npm@3.10.10
3 info using node@v6.11.0
4 verbose run-script [ 'preserver', 'server', 'postserver' ]
5 info lifecycle filmsapp@0.0.1~preserver: filmsapp@0.0.1
6 silly lifecycle filmsapp@0.0.1~preserver: no script for preserver, continuing
7 info lifecycle filmsapp@0.0.1~server: filmsapp@0.0.1
8 verbose lifecycle filmsapp@0.0.1~server: unsafe-perm in lifecycle true
9 verbose lifecycle filmsapp@0.0.1~server: PATH: C:\Program Files\nodejs\node_modules\npm\bin\node-gyp-bin;D:\git\test\node_modules\.bin;C:\Python36\Scripts\;C:\Python36\;C:\Windows\system32;C:\Windows;C:\Windows\System32\Wbem;C:\Windows\System32\WindowsPowerShell\v1.0\;C:\Program Files (x86)\Skype\Phone\;C:\Program Files\nodejs\;C:\Program Files\PuTTY\;C:\Program Files\Git\cmd;C:\Program Files (x86)\Windows Kits\8.1\Windows Performance Toolkit\;C:\Users\PC-417489\AppData\Local\Microsoft\WindowsApps;C:\Users\PC-417489\AppData\Local\Programs\Git\cmd;C:\Users\PC-417489\AppData\Roaming\npm;C:\Users\PC-417489\AppData\Local\atom\bin
10 verbose lifecycle filmsapp@0.0.1~server: CWD: D:\git\test
11 silly lifecycle filmsapp@0.0.1~server: Args: [ '/d /s /c', 'babel-node server/app.js' ]
12 silly lifecycle filmsapp@0.0.1~server: Returned: code: 1  signal: null
13 info lifecycle filmsapp@0.0.1~server: Failed to exec server script
14 verbose stack Error: filmsapp@0.0.1 server: `babel-node server/app.js`
14 verbose stack Exit status 1
14 verbose stack     at EventEmitter.<anonymous> (C:\Program Files\nodejs\node_modules\npm\lib\utils\lifecycle.js:255:16)
14 verbose stack     at emitTwo (events.js:106:13)
14 verbose stack     at EventEmitter.emit (events.js:191:7)
14 verbose stack     at ChildProcess.<anonymous> (C:\Program Files\nodejs\node_modules\npm\lib\utils\spawn.js:40:14)
14 verbose stack     at emitTwo (events.js:106:13)
14 verbose stack     at ChildProcess.emit (events.js:191:7)
14 verbose stack     at maybeClose (internal/child_process.js:891:16)
14 verbose stack     at Process.ChildProcess._handle.onexit (internal/child_process.js:226:5)
15 verbose pkgid filmsapp@0.0.1
16 verbose cwd D:\git\test
17 error Windows_NT 10.0.14393
18 error argv "C:\\Program Files\\nodejs\\node.exe" "C:\\Program Files\\nodejs\\node_modules\\npm\\bin\\npm-cli.js" "run" "server"
19 error node v6.11.0
20 error npm  v3.10.10
21 error code ELIFECYCLE
22 error filmsapp@0.0.1 server: `babel-node server/app.js`
22 error Exit status 1
23 error Failed at the filmsapp@0.0.1 server script 'babel-node server/app.js'.
23 error Make sure you have the latest version of node.js and npm installed.
23 error If you do, this is most likely a problem with the filmsapp package,
23 error not with npm itself.
23 error Tell the author that this fails on your system:
23 error     babel-node server/app.js
23 error You can get information on how to open an issue for this project with:
23 error     npm bugs filmsapp
23 error Or if that isn't available, you can get their info via:
23 error     npm owner ls filmsapp
23 error There is likely additional logging output above.
24 verbose exit [ 1, true ]
